#
# There is insufficient memory for the Java Runtime Environment to continue.
# Native memory allocation (malloc) failed to allocate 131216 bytes for Chunk::new
# Possible reasons:
#   The system is out of physical RAM or swap space
#   The process is running with CompressedOops enabled, and the Java Heap may be blocking the growth of the native heap
# Possible solutions:
#   Reduce memory load on the system
#   Increase physical memory or swap space
#   Check if swap backing store is full
#   Decrease Java heap size (-Xmx/-Xms)
#   Decrease number of Java threads
#   Decrease Java thread stack sizes (-Xss)
#   Set larger code cache with -XX:ReservedCodeCacheSize=
#   JVM is running with Zero Based Compressed Oops mode in which the Java heap is
#     placed in the first 32GB address space. The Java Heap base address is the
#     maximum limit for the native heap growth. Please use -XX:HeapBaseMinAddress
#     to set the Java Heap base and to place the Java Heap above 32GB virtual address.
# This output file may be truncated or incomplete.
#
#  Out of Memory Error (./open/src/hotspot/share/memory/arena.cpp:197), pid=10532, tid=12948
#
# JRE version: Java(TM) SE Runtime Environment 18.9 (11.0.12+8) (build 11.0.12+8-LTS-237)
# Java VM: Java HotSpot(TM) 64-Bit Server VM 18.9 (11.0.12+8-LTS-237, mixed mode, tiered, compressed oops, g1 gc, windows-amd64)
# No core dump will be written. Minidumps are not enabled by default on client versions of Windows
#

---------------  S U M M A R Y ------------

Command Line: -agentlib:jdwp=transport=dt_socket,address=127.0.0.1:54663,suspend=y,server=n -javaagent:C:\Users\gusdk\AppData\Local\JetBrains\IdeaIC2022.2\captureAgent\debugger-agent.jar -Dfile.encoding=UTF-8 com.stussy.stussyclone20220929HDH.StussyClone20220929HdhApplication

Host: AMD Ryzen 5 5500U with Radeon Graphics         , 12 cores, 13G,  Windows 10 , 64 bit Build 19041 (10.0.19041.1889)
Time: Sat Oct  1 19:20:04 2022 대한민국 표준시 elapsed time: 5.183686 seconds (0d 0h 0m 5s)

---------------  T H R E A D  ---------------

Current thread (0x0000019e63aa9800):  JavaThread "C2 CompilerThread0" daemon [_thread_in_native, id=12948, stack(0x0000003fca500000,0x0000003fca600000)]


Current CompileTask:
C2:   5183 2426       4       java.net.URLStreamHandler::parseURL (1201 bytes)

Stack: [0x0000003fca500000,0x0000003fca600000]
Native frames: (J=compiled Java code, j=interpreted, Vv=VM code, C=native code)
V  [jvm.dll+0x617d9a]
V  [jvm.dll+0x74eeef]
V  [jvm.dll+0x750599]
V  [jvm.dll+0x750c23]
V  [jvm.dll+0x2438d8]
V  [jvm.dll+0xba6dc]
V  [jvm.dll+0xbac9c]
V  [jvm.dll+0x5124db]
V  [jvm.dll+0x3147d2]
V  [jvm.dll+0x313aea]
V  [jvm.dll+0x1fd105]
V  [jvm.dll+0x1fc2ed]
V  [jvm.dll+0x17f18c]
V  [jvm.dll+0x20b87c]
V  [jvm.dll+0x20997b]
V  [jvm.dll+0x716359]
V  [jvm.dll+0x70f064]
V  [jvm.dll+0x616f66]
C  [ucrtbase.dll+0x21bb2]
C  [KERNEL32.DLL+0x17034]
C  [ntdll.dll+0x526a1]


---------------  P R O C E S S  ---------------

Threads class SMR info:
_java_thread_list=0x0000019e65340ff0, length=15, elements={
0x0000019e4064d800, 0x0000019e63a21800, 0x0000019e63a2b000, 0x0000019e63a94000,
0x0000019e63a96000, 0x0000019e63a97000, 0x0000019e63aa9800, 0x0000019e63acc800,
0x0000019e63ade000, 0x0000019e63c42000, 0x0000019e63d55000, 0x0000019e63d3c800,
0x0000019e63da1800, 0x0000019e649c6000, 0x0000019e649cc800
}

Java Threads: ( => current thread )
  0x0000019e4064d800 JavaThread "main" [_thread_blocked, id=1276, stack(0x0000003fc9900000,0x0000003fc9a00000)]
  0x0000019e63a21800 JavaThread "Reference Handler" daemon [_thread_blocked, id=4984, stack(0x0000003fca000000,0x0000003fca100000)]
  0x0000019e63a2b000 JavaThread "Finalizer" daemon [_thread_blocked, id=7208, stack(0x0000003fca100000,0x0000003fca200000)]
  0x0000019e63a94000 JavaThread "Signal Dispatcher" daemon [_thread_blocked, id=14012, stack(0x0000003fca200000,0x0000003fca300000)]
  0x0000019e63a96000 JavaThread "Attach Listener" daemon [_thread_blocked, id=10436, stack(0x0000003fca300000,0x0000003fca400000)]
  0x0000019e63a97000 JavaThread "Service Thread" daemon [_thread_blocked, id=6372, stack(0x0000003fca400000,0x0000003fca500000)]
=>0x0000019e63aa9800 JavaThread "C2 CompilerThread0" daemon [_thread_in_native, id=12948, stack(0x0000003fca500000,0x0000003fca600000)]
  0x0000019e63acc800 JavaThread "C1 CompilerThread0" daemon [_thread_in_native, id=15900, stack(0x0000003fca600000,0x0000003fca700000)]
  0x0000019e63ade000 JavaThread "Sweeper thread" daemon [_thread_blocked, id=16456, stack(0x0000003fca700000,0x0000003fca800000)]
  0x0000019e63c42000 JavaThread "Common-Cleaner" daemon [_thread_blocked, id=13588, stack(0x0000003fca800000,0x0000003fca900000)]
  0x0000019e63d55000 JavaThread "JDWP Transport Listener: dt_socket" daemon [_thread_blocked, id=3228, stack(0x0000003fca900000,0x0000003fcaa00000)]
  0x0000019e63d3c800 JavaThread "JDWP Event Helper Thread" daemon [_thread_blocked, id=1308, stack(0x0000003fcaa00000,0x0000003fcab00000)]
  0x0000019e63da1800 JavaThread "JDWP Command Reader" daemon [_thread_in_native, id=16428, stack(0x0000003fcab00000,0x0000003fcac00000)]
  0x0000019e649c6000 JavaThread "Thread-0" [_thread_blocked, id=14788, stack(0x0000003fcb100000,0x0000003fcb200000)]
  0x0000019e649cc800 JavaThread "restartedMain" [_thread_in_native, id=8708, stack(0x0000003fcb200000,0x0000003fcb300000)]

Other Threads:
  0x0000019e639ff800 VMThread "VM Thread" [stack: 0x0000003fc9f00000,0x0000003fca000000] [id=15280]
  0x0000019e63d81000 WatcherThread [stack: 0x0000003fcac00000,0x0000003fcad00000] [id=12904]
  0x0000019e40662800 GCTaskThread "GC Thread#0" [stack: 0x0000003fc9a00000,0x0000003fc9b00000] [id=14492]
  0x0000019e649e5000 GCTaskThread "GC Thread#1" [stack: 0x0000003fcad00000,0x0000003fcae00000] [id=6756]
  0x0000019e64549800 GCTaskThread "GC Thread#2" [stack: 0x0000003fcae00000,0x0000003fcaf00000] [id=17088]
  0x0000019e649e0800 GCTaskThread "GC Thread#3" [stack: 0x0000003fcaf00000,0x0000003fcb000000] [id=14148]
  0x0000019e649e1800 GCTaskThread "GC Thread#4" [stack: 0x0000003fcb000000,0x0000003fcb100000] [id=10416]
  0x0000019e64d10000 GCTaskThread "GC Thread#5" [stack: 0x0000003fcb400000,0x0000003fcb500000] [id=4244]
  0x0000019e64d97000 GCTaskThread "GC Thread#6" [stack: 0x0000003fcb500000,0x0000003fcb600000] [id=13540]
  0x0000019e6522c800 GCTaskThread "GC Thread#7" [stack: 0x0000003fcb600000,0x0000003fcb700000] [id=2924]
  0x0000019e406b6800 ConcurrentGCThread "G1 Main Marker" [stack: 0x0000003fc9b00000,0x0000003fc9c00000] [id=13816]
  0x0000019e406b8000 ConcurrentGCThread "G1 Conc#0" [stack: 0x0000003fc9c00000,0x0000003fc9d00000] [id=11760]
  0x0000019e64f88800 ConcurrentGCThread "G1 Conc#1" [stack: 0x0000003fcb700000,0x0000003fcb800000] [id=9336]
  0x0000019e64f9e800 ConcurrentGCThread "G1 Conc#2" [stack: 0x0000003fcb800000,0x0000003fcb900000] [id=11016]
  0x0000019e63066800 ConcurrentGCThread "G1 Refine#0" [stack: 0x0000003fc9d00000,0x0000003fc9e00000] [id=11116]
  0x0000019e63067800 ConcurrentGCThread "G1 Young RemSet Sampling" [stack: 0x0000003fc9e00000,0x0000003fc9f00000] [id=9412]

Threads with active compile tasks:
C2 CompilerThread0   5233 2426       4       java.net.URLStreamHandler::parseURL (1201 bytes)

VM state:not at safepoint (normal execution)

VM Mutex/Monitor currently owned by a thread: None

Heap address: 0x0000000722200000, size: 3550 MB, Compressed Oops mode: Zero based, Oop shift amount: 3
Narrow klass base: 0x0000000800000000, Narrow klass shift: 0
Compressed class space size: 1073741824 Address: 0x0000000800000000

Heap:
 garbage-first heap   total 227328K, used 9845K [0x0000000722200000, 0x0000000800000000)
  region size 1024K, 7 young (7168K), 5 survivors (5120K)
 Metaspace       used 26861K, capacity 27520K, committed 27568K, reserved 1073152K
  class space    used 3007K, capacity 3285K, committed 3328K, reserved 1048576K
Heap Regions: E=young(eden), S=young(survivor), O=old, HS=humongous(starts), HC=humongous(continues), CS=collection set, F=free, A=archive, TAMS=top-at-mark-start (previous, next)
|   0|0x0000000722200000, 0x0000000722300000, 0x0000000722300000|100%| O|  |TAMS 0x0000000722300000, 0x0000000722200000| Untracked 
|   1|0x0000000722300000, 0x0000000722400000, 0x0000000722400000|100%| O|  |TAMS 0x0000000722378800, 0x0000000722300000| Untracked 
|   2|0x0000000722400000, 0x0000000722500000, 0x0000000722500000|100%| O|  |TAMS 0x0000000722400000, 0x0000000722400000| Untracked 
|   3|0x0000000722500000, 0x0000000722600000, 0x0000000722600000|100%| O|  |TAMS 0x0000000722500000, 0x0000000722500000| Untracked 
|   4|0x0000000722600000, 0x0000000722647600, 0x0000000722700000| 27%| O|  |TAMS 0x0000000722600000, 0x0000000722600000| Untracked 
|   5|0x0000000722700000, 0x0000000722700000, 0x0000000722800000|  0%| F|  |TAMS 0x0000000722700000, 0x0000000722700000| Untracked 
|   6|0x0000000722800000, 0x0000000722800000, 0x0000000722900000|  0%| F|  |TAMS 0x0000000722800000, 0x0000000722800000| Untracked 
|   7|0x0000000722900000, 0x0000000722900000, 0x0000000722a00000|  0%| F|  |TAMS 0x0000000722900000, 0x0000000722900000| Untracked 
|   8|0x0000000722a00000, 0x0000000722a00000, 0x0000000722b00000|  0%| F|  |TAMS 0x0000000722a00000, 0x0000000722a00000| Untracked 
|   9|0x0000000722b00000, 0x0000000722b00000, 0x0000000722c00000|  0%| F|  |TAMS 0x0000000722b00000, 0x0000000722b00000| Untracked 
|  10|0x0000000722c00000, 0x0000000722c00000, 0x0000000722d00000|  0%| F|  |TAMS 0x0000000722c00000, 0x0000000722c00000| Untracked 
|  11|0x0000000722d00000, 0x0000000722d00000, 0x0000000722e00000|  0%| F|  |TAMS 0x0000000722d00000, 0x0000000722d00000| Untracked 
|  12|0x0000000722e00000, 0x0000000722e00000, 0x0000000722f00000|  0%| F|  |TAMS 0x0000000722e00000, 0x0000000722e00000| Untracked 
|  13|0x0000000722f00000, 0x0000000722f00000, 0x0000000723000000|  0%| F|  |TAMS 0x0000000722f00000, 0x0000000722f00000| Untracked 
|  14|0x0000000723000000, 0x0000000723000000, 0x0000000723100000|  0%| F|  |TAMS 0x0000000723000000, 0x0000000723000000| Untracked 
|  15|0x0000000723100000, 0x0000000723100000, 0x0000000723200000|  0%| F|  |TAMS 0x0000000723100000, 0x0000000723100000| Untracked 
|  16|0x0000000723200000, 0x0000000723200000, 0x0000000723300000|  0%| F|  |TAMS 0x0000000723200000, 0x0000000723200000| Untracked 
|  17|0x0000000723300000, 0x0000000723300000, 0x0000000723400000|  0%| F|  |TAMS 0x0000000723300000, 0x0000000723300000| Untracked 
|  18|0x0000000723400000, 0x0000000723400000, 0x0000000723500000|  0%| F|  |TAMS 0x0000000723400000, 0x0000000723400000| Untracked 
|  19|0x0000000723500000, 0x0000000723500000, 0x0000000723600000|  0%| F|  |TAMS 0x0000000723500000, 0x0000000723500000| Untracked 
|  20|0x0000000723600000, 0x0000000723600000, 0x0000000723700000|  0%| F|  |TAMS 0x0000000723600000, 0x0000000723600000| Untracked 
|  21|0x0000000723700000, 0x0000000723700000, 0x0000000723800000|  0%| F|  |TAMS 0x0000000723700000, 0x0000000723700000| Untracked 
|  22|0x0000000723800000, 0x0000000723800000, 0x0000000723900000|  0%| F|  |TAMS 0x0000000723800000, 0x0000000723800000| Untracked 
|  23|0x0000000723900000, 0x0000000723900000, 0x0000000723a00000|  0%| F|  |TAMS 0x0000000723900000, 0x0000000723900000| Untracked 
|  24|0x0000000723a00000, 0x0000000723a00000, 0x0000000723b00000|  0%| F|  |TAMS 0x0000000723a00000, 0x0000000723a00000| Untracked 
|  25|0x0000000723b00000, 0x0000000723b00000, 0x0000000723c00000|  0%| F|  |TAMS 0x0000000723b00000, 0x0000000723b00000| Untracked 
|  26|0x0000000723c00000, 0x0000000723c00000, 0x0000000723d00000|  0%| F|  |TAMS 0x0000000723c00000, 0x0000000723c00000| Untracked 
|  27|0x0000000723d00000, 0x0000000723d00000, 0x0000000723e00000|  0%| F|  |TAMS 0x0000000723d00000, 0x0000000723d00000| Untracked 
|  28|0x0000000723e00000, 0x0000000723e00000, 0x0000000723f00000|  0%| F|  |TAMS 0x0000000723e00000, 0x0000000723e00000| Untracked 
|  29|0x0000000723f00000, 0x0000000723f00000, 0x0000000724000000|  0%| F|  |TAMS 0x0000000723f00000, 0x0000000723f00000| Untracked 
|  30|0x0000000724000000, 0x0000000724000000, 0x0000000724100000|  0%| F|  |TAMS 0x0000000724000000, 0x0000000724000000| Untracked 
|  31|0x0000000724100000, 0x0000000724100000, 0x0000000724200000|  0%| F|  |TAMS 0x0000000724100000, 0x0000000724100000| Untracked 
|  32|0x0000000724200000, 0x0000000724200000, 0x0000000724300000|  0%| F|  |TAMS 0x0000000724200000, 0x0000000724200000| Untracked 
|  33|0x0000000724300000, 0x0000000724300000, 0x0000000724400000|  0%| F|  |TAMS 0x0000000724300000, 0x0000000724300000| Untracked 
|  34|0x0000000724400000, 0x0000000724400000, 0x0000000724500000|  0%| F|  |TAMS 0x0000000724400000, 0x0000000724400000| Untracked 
|  35|0x0000000724500000, 0x0000000724500000, 0x0000000724600000|  0%| F|  |TAMS 0x0000000724500000, 0x0000000724500000| Untracked 
|  36|0x0000000724600000, 0x0000000724600000, 0x0000000724700000|  0%| F|  |TAMS 0x0000000724600000, 0x0000000724600000| Untracked 
|  37|0x0000000724700000, 0x0000000724700000, 0x0000000724800000|  0%| F|  |TAMS 0x0000000724700000, 0x0000000724700000| Untracked 
|  38|0x0000000724800000, 0x0000000724800000, 0x0000000724900000|  0%| F|  |TAMS 0x0000000724800000, 0x0000000724800000| Untracked 
|  39|0x0000000724900000, 0x0000000724900000, 0x0000000724a00000|  0%| F|  |TAMS 0x0000000724900000, 0x0000000724900000| Untracked 
|  40|0x0000000724a00000, 0x0000000724a00000, 0x0000000724b00000|  0%| F|  |TAMS 0x0000000724a00000, 0x0000000724a00000| Untracked 
|  41|0x0000000724b00000, 0x0000000724b00000, 0x0000000724c00000|  0%| F|  |TAMS 0x0000000724b00000, 0x0000000724b00000| Untracked 
|  42|0x0000000724c00000, 0x0000000724c00000, 0x0000000724d00000|  0%| F|  |TAMS 0x0000000724c00000, 0x0000000724c00000| Untracked 
|  43|0x0000000724d00000, 0x0000000724d00000, 0x0000000724e00000|  0%| F|  |TAMS 0x0000000724d00000, 0x0000000724d00000| Untracked 
|  44|0x0000000724e00000, 0x0000000724e00000, 0x0000000724f00000|  0%| F|  |TAMS 0x0000000724e00000, 0x0000000724e00000| Untracked 
|  45|0x0000000724f00000, 0x0000000724f00000, 0x0000000725000000|  0%| F|  |TAMS 0x0000000724f00000, 0x0000000724f00000| Untracked 
|  46|0x0000000725000000, 0x0000000725000000, 0x0000000725100000|  0%| F|  |TAMS 0x0000000725000000, 0x0000000725000000| Untracked 
|  47|0x0000000725100000, 0x0000000725100000, 0x0000000725200000|  0%| F|  |TAMS 0x0000000725100000, 0x0000000725100000| Untracked 
|  48|0x0000000725200000, 0x0000000725200000, 0x0000000725300000|  0%| F|  |TAMS 0x0000000725200000, 0x0000000725200000| Untracked 
|  49|0x0000000725300000, 0x0000000725300000, 0x0000000725400000|  0%| F|  |TAMS 0x0000000725300000, 0x0000000725300000| Untracked 
|  50|0x0000000725400000, 0x0000000725400000, 0x0000000725500000|  0%| F|  |TAMS 0x0000000725400000, 0x0000000725400000| Untracked 
|  51|0x0000000725500000, 0x0000000725500000, 0x0000000725600000|  0%| F|  |TAMS 0x0000000725500000, 0x0000000725500000| Untracked 
|  52|0x0000000725600000, 0x0000000725600000, 0x0000000725700000|  0%| F|  |TAMS 0x0000000725600000, 0x0000000725600000| Untracked 
|  53|0x0000000725700000, 0x0000000725700000, 0x0000000725800000|  0%| F|  |TAMS 0x0000000725700000, 0x0000000725700000| Untracked 
|  54|0x0000000725800000, 0x0000000725800000, 0x0000000725900000|  0%| F|  |TAMS 0x0000000725800000, 0x0000000725800000| Untracked 
|  55|0x0000000725900000, 0x0000000725900000, 0x0000000725a00000|  0%| F|  |TAMS 0x0000000725900000, 0x0000000725900000| Untracked 
|  56|0x0000000725a00000, 0x0000000725a00000, 0x0000000725b00000|  0%| F|  |TAMS 0x0000000725a00000, 0x0000000725a00000| Untracked 
|  57|0x0000000725b00000, 0x0000000725b00000, 0x0000000725c00000|  0%| F|  |TAMS 0x0000000725b00000, 0x0000000725b00000| Untracked 
|  58|0x0000000725c00000, 0x0000000725c00000, 0x0000000725d00000|  0%| F|  |TAMS 0x0000000725c00000, 0x0000000725c00000| Untracked 
|  59|0x0000000725d00000, 0x0000000725d00000, 0x0000000725e00000|  0%| F|  |TAMS 0x0000000725d00000, 0x0000000725d00000| Untracked 
|  60|0x0000000725e00000, 0x0000000725e00000, 0x0000000725f00000|  0%| F|  |TAMS 0x0000000725e00000, 0x0000000725e00000| Untracked 
|  61|0x0000000725f00000, 0x0000000725f00000, 0x0000000726000000|  0%| F|  |TAMS 0x0000000725f00000, 0x0000000725f00000| Untracked 
|  62|0x0000000726000000, 0x0000000726000000, 0x0000000726100000|  0%| F|  |TAMS 0x0000000726000000, 0x0000000726000000| Untracked 
|  63|0x0000000726100000, 0x0000000726100000, 0x0000000726200000|  0%| F|  |TAMS 0x0000000726100000, 0x0000000726100000| Untracked 
|  64|0x0000000726200000, 0x0000000726200000, 0x0000000726300000|  0%| F|  |TAMS 0x0000000726200000, 0x0000000726200000| Untracked 
|  65|0x0000000726300000, 0x0000000726300000, 0x0000000726400000|  0%| F|  |TAMS 0x0000000726300000, 0x0000000726300000| Untracked 
|  66|0x0000000726400000, 0x0000000726400000, 0x0000000726500000|  0%| F|  |TAMS 0x0000000726400000, 0x0000000726400000| Untracked 
|  67|0x0000000726500000, 0x0000000726500000, 0x0000000726600000|  0%| F|  |TAMS 0x0000000726500000, 0x0000000726500000| Untracked 
|  68|0x0000000726600000, 0x0000000726600000, 0x0000000726700000|  0%| F|  |TAMS 0x0000000726600000, 0x0000000726600000| Untracked 
|  69|0x0000000726700000, 0x0000000726700000, 0x0000000726800000|  0%| F|  |TAMS 0x0000000726700000, 0x0000000726700000| Untracked 
|  70|0x0000000726800000, 0x0000000726800000, 0x0000000726900000|  0%| F|  |TAMS 0x0000000726800000, 0x0000000726800000| Untracked 
|  71|0x0000000726900000, 0x0000000726900000, 0x0000000726a00000|  0%| F|  |TAMS 0x0000000726900000, 0x0000000726900000| Untracked 
|  72|0x0000000726a00000, 0x0000000726a00000, 0x0000000726b00000|  0%| F|  |TAMS 0x0000000726a00000, 0x0000000726a00000| Untracked 
|  73|0x0000000726b00000, 0x0000000726b00000, 0x0000000726c00000|  0%| F|  |TAMS 0x0000000726b00000, 0x0000000726b00000| Untracked 
|  74|0x0000000726c00000, 0x0000000726c00000, 0x0000000726d00000|  0%| F|  |TAMS 0x0000000726c00000, 0x0000000726c00000| Untracked 
|  75|0x0000000726d00000, 0x0000000726d00000, 0x0000000726e00000|  0%| F|  |TAMS 0x0000000726d00000, 0x0000000726d00000| Untracked 
|  76|0x0000000726e00000, 0x0000000726e00000, 0x0000000726f00000|  0%| F|  |TAMS 0x0000000726e00000, 0x0000000726e00000| Untracked 
|  77|0x0000000726f00000, 0x0000000726f00000, 0x0000000727000000|  0%| F|  |TAMS 0x0000000726f00000, 0x0000000726f00000| Untracked 
|  78|0x0000000727000000, 0x0000000727000000, 0x0000000727100000|  0%| F|  |TAMS 0x0000000727000000, 0x0000000727000000| Untracked 
|  79|0x0000000727100000, 0x0000000727100000, 0x0000000727200000|  0%| F|  |TAMS 0x0000000727100000, 0x0000000727100000| Untracked 
|  80|0x0000000727200000, 0x0000000727200000, 0x0000000727300000|  0%| F|  |TAMS 0x0000000727200000, 0x0000000727200000| Untracked 
|  81|0x0000000727300000, 0x0000000727300000, 0x0000000727400000|  0%| F|  |TAMS 0x0000000727300000, 0x0000000727300000| Untracked 
|  82|0x0000000727400000, 0x0000000727400000, 0x0000000727500000|  0%| F|  |TAMS 0x0000000727400000, 0x0000000727400000| Untracked 
|  83|0x0000000727500000, 0x0000000727500000, 0x0000000727600000|  0%| F|  |TAMS 0x0000000727500000, 0x0000000727500000| Untracked 
|  84|0x0000000727600000, 0x0000000727600000, 0x0000000727700000|  0%| F|  |TAMS 0x0000000727600000, 0x0000000727600000| Untracked 
|  85|0x0000000727700000, 0x0000000727700000, 0x0000000727800000|  0%| F|  |TAMS 0x0000000727700000, 0x0000000727700000| Untracked 
|  86|0x0000000727800000, 0x0000000727800000, 0x0000000727900000|  0%| F|  |TAMS 0x0000000727800000, 0x0000000727800000| Untracked 
|  87|0x0000000727900000, 0x0000000727900000, 0x0000000727a00000|  0%| F|  |TAMS 0x0000000727900000, 0x0000000727900000| Untracked 
|  88|0x0000000727a00000, 0x0000000727a00000, 0x0000000727b00000|  0%| F|  |TAMS 0x0000000727a00000, 0x0000000727a00000| Untracked 
|  89|0x0000000727b00000, 0x0000000727b00000, 0x0000000727c00000|  0%| F|  |TAMS 0x0000000727b00000, 0x0000000727b00000| Untracked 
|  90|0x0000000727c00000, 0x0000000727c00000, 0x0000000727d00000|  0%| F|  |TAMS 0x0000000727c00000, 0x0000000727c00000| Untracked 
|  91|0x0000000727d00000, 0x0000000727d00000, 0x0000000727e00000|  0%| F|  |TAMS 0x0000000727d00000, 0x0000000727d00000| Untracked 
|  92|0x0000000727e00000, 0x0000000727e00000, 0x0000000727f00000|  0%| F|  |TAMS 0x0000000727e00000, 0x0000000727e00000| Untracked 
|  93|0x0000000727f00000, 0x0000000727f00000, 0x0000000728000000|  0%| F|  |TAMS 0x0000000727f00000, 0x0000000727f00000| Untracked 
|  94|0x0000000728000000, 0x0000000728000000, 0x0000000728100000|  0%| F|  |TAMS 0x0000000728000000, 0x0000000728000000| Untracked 
|  95|0x0000000728100000, 0x0000000728100000, 0x0000000728200000|  0%| F|  |TAMS 0x0000000728100000, 0x0000000728100000| Untracked 
|  96|0x0000000728200000, 0x0000000728200000, 0x0000000728300000|  0%| F|  |TAMS 0x0000000728200000, 0x0000000728200000| Untracked 
|  97|0x0000000728300000, 0x0000000728300000, 0x0000000728400000|  0%| F|  |TAMS 0x0000000728300000, 0x0000000728300000| Untracked 
|  98|0x0000000728400000, 0x0000000728400000, 0x0000000728500000|  0%| F|  |TAMS 0x0000000728400000, 0x0000000728400000| Untracked 
|  99|0x0000000728500000, 0x0000000728500000, 0x0000000728600000|  0%| F|  |TAMS 0x0000000728500000, 0x0000000728500000| Untracked 
| 100|0x0000000728600000, 0x0000000728600000, 0x0000000728700000|  0%| F|  |TAMS 0x0000000728600000, 0x0000000728600000| Untracked 
| 101|0x0000000728700000, 0x0000000728700000, 0x0000000728800000|  0%| F|  |TAMS 0x0000000728700000, 0x0000000728700000| Untracked 
| 102|0x0000000728800000, 0x0000000728800000, 0x0000000728900000|  0%| F|  |TAMS 0x0000000728800000, 0x0000000728800000| Untracked 
| 103|0x0000000728900000, 0x0000000728900000, 0x0000000728a00000|  0%| F|  |TAMS 0x0000000728900000, 0x0000000728900000| Untracked 
| 104|0x0000000728a00000, 0x0000000728a00000, 0x0000000728b00000|  0%| F|  |TAMS 0x0000000728a00000, 0x0000000728a00000| Untracked 
| 105|0x0000000728b00000, 0x0000000728b00000, 0x0000000728c00000|  0%| F|  |TAMS 0x0000000728b00000, 0x0000000728b00000| Untracked 
| 106|0x0000000728c00000, 0x0000000728c00000, 0x0000000728d00000|  0%| F|  |TAMS 0x0000000728c00000, 0x0000000728c00000| Untracked 
| 107|0x0000000728d00000, 0x0000000728d00000, 0x0000000728e00000|  0%| F|  |TAMS 0x0000000728d00000, 0x0000000728d00000| Untracked 
| 108|0x0000000728e00000, 0x0000000728e00000, 0x0000000728f00000|  0%| F|  |TAMS 0x0000000728e00000, 0x0000000728e00000| Untracked 
| 109|0x0000000728f00000, 0x0000000728f00000, 0x0000000729000000|  0%| F|  |TAMS 0x0000000728f00000, 0x0000000728f00000| Untracked 
| 110|0x0000000729000000, 0x0000000729000000, 0x0000000729100000|  0%| F|  |TAMS 0x0000000729000000, 0x0000000729000000| Untracked 
| 111|0x0000000729100000, 0x0000000729100000, 0x0000000729200000|  0%| F|  |TAMS 0x0000000729100000, 0x0000000729100000| Untracked 
| 112|0x0000000729200000, 0x0000000729200000, 0x0000000729300000|  0%| F|  |TAMS 0x0000000729200000, 0x0000000729200000| Untracked 
| 113|0x0000000729300000, 0x0000000729300000, 0x0000000729400000|  0%| F|  |TAMS 0x0000000729300000, 0x0000000729300000| Untracked 
| 114|0x0000000729400000, 0x0000000729400000, 0x0000000729500000|  0%| F|  |TAMS 0x0000000729400000, 0x0000000729400000| Untracked 
| 115|0x0000000729500000, 0x0000000729500000, 0x0000000729600000|  0%| F|  |TAMS 0x0000000729500000, 0x0000000729500000| Untracked 
| 116|0x0000000729600000, 0x0000000729600000, 0x0000000729700000|  0%| F|  |TAMS 0x0000000729600000, 0x0000000729600000| Untracked 
| 117|0x0000000729700000, 0x0000000729700000, 0x0000000729800000|  0%| F|  |TAMS 0x0000000729700000, 0x0000000729700000| Untracked 
| 118|0x0000000729800000, 0x0000000729800000, 0x0000000729900000|  0%| F|  |TAMS 0x0000000729800000, 0x0000000729800000| Untracked 
| 119|0x0000000729900000, 0x0000000729900000, 0x0000000729a00000|  0%| F|  |TAMS 0x0000000729900000, 0x0000000729900000| Untracked 
| 120|0x0000000729a00000, 0x0000000729a00000, 0x0000000729b00000|  0%| F|  |TAMS 0x0000000729a00000, 0x0000000729a00000| Untracked 
| 121|0x0000000729b00000, 0x0000000729b00000, 0x0000000729c00000|  0%| F|  |TAMS 0x0000000729b00000, 0x0000000729b00000| Untracked 
| 122|0x0000000729c00000, 0x0000000729c00000, 0x0000000729d00000|  0%| F|  |TAMS 0x0000000729c00000, 0x0000000729c00000| Untracked 
| 123|0x0000000729d00000, 0x0000000729d00000, 0x0000000729e00000|  0%| F|  |TAMS 0x0000000729d00000, 0x0000000729d00000| Untracked 
| 124|0x0000000729e00000, 0x0000000729e00000, 0x0000000729f00000|  0%| F|  |TAMS 0x0000000729e00000, 0x0000000729e00000| Untracked 
| 125|0x0000000729f00000, 0x0000000729f00000, 0x000000072a000000|  0%| F|  |TAMS 0x0000000729f00000, 0x0000000729f00000| Untracked 
| 126|0x000000072a000000, 0x000000072a000000, 0x000000072a100000|  0%| F|  |TAMS 0x000000072a000000, 0x000000072a000000| Untracked 
| 127|0x000000072a100000, 0x000000072a100000, 0x000000072a200000|  0%| F|  |TAMS 0x000000072a100000, 0x000000072a100000| Untracked 
| 128|0x000000072a200000, 0x000000072a200000, 0x000000072a300000|  0%| F|  |TAMS 0x000000072a200000, 0x000000072a200000| Untracked 
| 129|0x000000072a300000, 0x000000072a300000, 0x000000072a400000|  0%| F|  |TAMS 0x000000072a300000, 0x000000072a300000| Untracked 
| 130|0x000000072a400000, 0x000000072a400000, 0x000000072a500000|  0%| F|  |TAMS 0x000000072a400000, 0x000000072a400000| Untracked 
| 131|0x000000072a500000, 0x000000072a500000, 0x000000072a600000|  0%| F|  |TAMS 0x000000072a500000, 0x000000072a500000| Untracked 
| 132|0x000000072a600000, 0x000000072a600000, 0x000000072a700000|  0%| F|  |TAMS 0x000000072a600000, 0x000000072a600000| Untracked 
| 133|0x000000072a700000, 0x000000072a700000, 0x000000072a800000|  0%| F|  |TAMS 0x000000072a700000, 0x000000072a700000| Untracked 
| 134|0x000000072a800000, 0x000000072a800000, 0x000000072a900000|  0%| F|  |TAMS 0x000000072a800000, 0x000000072a800000| Untracked 
| 135|0x000000072a900000, 0x000000072a900000, 0x000000072aa00000|  0%| F|  |TAMS 0x000000072a900000, 0x000000072a900000| Untracked 
| 136|0x000000072aa00000, 0x000000072aa00000, 0x000000072ab00000|  0%| F|  |TAMS 0x000000072aa00000, 0x000000072aa00000| Untracked 
| 137|0x000000072ab00000, 0x000000072ab00000, 0x000000072ac00000|  0%| F|  |TAMS 0x000000072ab00000, 0x000000072ab00000| Untracked 
| 138|0x000000072ac00000, 0x000000072ac00000, 0x000000072ad00000|  0%| F|  |TAMS 0x000000072ac00000, 0x000000072ac00000| Untracked 
| 139|0x000000072ad00000, 0x000000072ad00000, 0x000000072ae00000|  0%| F|  |TAMS 0x000000072ad00000, 0x000000072ad00000| Untracked 
| 140|0x000000072ae00000, 0x000000072ae00000, 0x000000072af00000|  0%| F|  |TAMS 0x000000072ae00000, 0x000000072ae00000| Untracked 
| 141|0x000000072af00000, 0x000000072af00000, 0x000000072b000000|  0%| F|  |TAMS 0x000000072af00000, 0x000000072af00000| Untracked 
| 142|0x000000072b000000, 0x000000072b000000, 0x000000072b100000|  0%| F|  |TAMS 0x000000072b000000, 0x000000072b000000| Untracked 
| 143|0x000000072b100000, 0x000000072b100000, 0x000000072b200000|  0%| F|  |TAMS 0x000000072b100000, 0x000000072b100000| Untracked 
| 144|0x000000072b200000, 0x000000072b200000, 0x000000072b300000|  0%| F|  |TAMS 0x000000072b200000, 0x000000072b200000| Untracked 
| 145|0x000000072b300000, 0x000000072b300000, 0x000000072b400000|  0%| F|  |TAMS 0x000000072b300000, 0x000000072b300000| Untracked 
| 146|0x000000072b400000, 0x000000072b400000, 0x000000072b500000|  0%| F|  |TAMS 0x000000072b400000, 0x000000072b400000| Untracked 
| 147|0x000000072b500000, 0x000000072b500000, 0x000000072b600000|  0%| F|  |TAMS 0x000000072b500000, 0x000000072b500000| Untracked 
| 148|0x000000072b600000, 0x000000072b600000, 0x000000072b700000|  0%| F|  |TAMS 0x000000072b600000, 0x000000072b600000| Untracked 
| 149|0x000000072b700000, 0x000000072b700000, 0x000000072b800000|  0%| F|  |TAMS 0x000000072b700000, 0x000000072b700000| Untracked 
| 150|0x000000072b800000, 0x000000072b800000, 0x000000072b900000|  0%| F|  |TAMS 0x000000072b800000, 0x000000072b800000| Untracked 
| 151|0x000000072b900000, 0x000000072b900000, 0x000000072ba00000|  0%| F|  |TAMS 0x000000072b900000, 0x000000072b900000| Untracked 
| 152|0x000000072ba00000, 0x000000072ba00000, 0x000000072bb00000|  0%| F|  |TAMS 0x000000072ba00000, 0x000000072ba00000| Untracked 
| 153|0x000000072bb00000, 0x000000072bb00000, 0x000000072bc00000|  0%| F|  |TAMS 0x000000072bb00000, 0x000000072bb00000| Untracked 
| 154|0x000000072bc00000, 0x000000072bc00000, 0x000000072bd00000|  0%| F|  |TAMS 0x000000072bc00000, 0x000000072bc00000| Untracked 
| 155|0x000000072bd00000, 0x000000072bd00000, 0x000000072be00000|  0%| F|  |TAMS 0x000000072bd00000, 0x000000072bd00000| Untracked 
| 156|0x000000072be00000, 0x000000072be56060, 0x000000072bf00000| 33%| S|CS|TAMS 0x000000072be00000, 0x000000072be00000| Complete 
| 157|0x000000072bf00000, 0x000000072c000000, 0x000000072c000000|100%| S|CS|TAMS 0x000000072bf00000, 0x000000072bf00000| Complete 
| 158|0x000000072c000000, 0x000000072c100000, 0x000000072c100000|100%| S|CS|TAMS 0x000000072c000000, 0x000000072c000000| Complete 
| 159|0x000000072c100000, 0x000000072c200000, 0x000000072c200000|100%| S|CS|TAMS 0x000000072c100000, 0x000000072c100000| Complete 
| 160|0x000000072c200000, 0x000000072c300000, 0x000000072c300000|100%| S|CS|TAMS 0x000000072c200000, 0x000000072c200000| Complete 
| 161|0x000000072c300000, 0x000000072c300000, 0x000000072c400000|  0%| F|  |TAMS 0x000000072c300000, 0x000000072c300000| Untracked 
| 162|0x000000072c400000, 0x000000072c400000, 0x000000072c500000|  0%| F|  |TAMS 0x000000072c400000, 0x000000072c400000| Untracked 
| 163|0x000000072c500000, 0x000000072c500000, 0x000000072c600000|  0%| F|  |TAMS 0x000000072c500000, 0x000000072c500000| Untracked 
| 164|0x000000072c600000, 0x000000072c600000, 0x000000072c700000|  0%| F|  |TAMS 0x000000072c600000, 0x000000072c600000| Untracked 
| 165|0x000000072c700000, 0x000000072c700000, 0x000000072c800000|  0%| F|  |TAMS 0x000000072c700000, 0x000000072c700000| Untracked 
| 166|0x000000072c800000, 0x000000072c800000, 0x000000072c900000|  0%| F|  |TAMS 0x000000072c800000, 0x000000072c800000| Untracked 
| 167|0x000000072c900000, 0x000000072c900000, 0x000000072ca00000|  0%| F|  |TAMS 0x000000072c900000, 0x000000072c900000| Untracked 
| 168|0x000000072ca00000, 0x000000072ca00000, 0x000000072cb00000|  0%| F|  |TAMS 0x000000072ca00000, 0x000000072ca00000| Untracked 
| 169|0x000000072cb00000, 0x000000072cb00000, 0x000000072cc00000|  0%| F|  |TAMS 0x000000072cb00000, 0x000000072cb00000| Untracked 
| 170|0x000000072cc00000, 0x000000072cc00000, 0x000000072cd00000|  0%| F|  |TAMS 0x000000072cc00000, 0x000000072cc00000| Untracked 
| 171|0x000000072cd00000, 0x000000072cd00000, 0x000000072ce00000|  0%| F|  |TAMS 0x000000072cd00000, 0x000000072cd00000| Untracked 
| 172|0x000000072ce00000, 0x000000072ce00000, 0x000000072cf00000|  0%| F|  |TAMS 0x000000072ce00000, 0x000000072ce00000| Untracked 
| 173|0x000000072cf00000, 0x000000072cf00000, 0x000000072d000000|  0%| F|  |TAMS 0x000000072cf00000, 0x000000072cf00000| Untracked 
| 174|0x000000072d000000, 0x000000072d000000, 0x000000072d100000|  0%| F|  |TAMS 0x000000072d000000, 0x000000072d000000| Untracked 
| 175|0x000000072d100000, 0x000000072d100000, 0x000000072d200000|  0%| F|  |TAMS 0x000000072d100000, 0x000000072d100000| Untracked 
| 176|0x000000072d200000, 0x000000072d200000, 0x000000072d300000|  0%| F|  |TAMS 0x000000072d200000, 0x000000072d200000| Untracked 
| 177|0x000000072d300000, 0x000000072d300000, 0x000000072d400000|  0%| F|  |TAMS 0x000000072d300000, 0x000000072d300000| Untracked 
| 178|0x000000072d400000, 0x000000072d400000, 0x000000072d500000|  0%| F|  |TAMS 0x000000072d400000, 0x000000072d400000| Untracked 
| 179|0x000000072d500000, 0x000000072d500000, 0x000000072d600000|  0%| F|  |TAMS 0x000000072d500000, 0x000000072d500000| Untracked 
| 180|0x000000072d600000, 0x000000072d600000, 0x000000072d700000|  0%| F|  |TAMS 0x000000072d600000, 0x000000072d600000| Untracked 
| 181|0x000000072d700000, 0x000000072d700000, 0x000000072d800000|  0%| F|  |TAMS 0x000000072d700000, 0x000000072d700000| Untracked 
| 182|0x000000072d800000, 0x000000072d800000, 0x000000072d900000|  0%| F|  |TAMS 0x000000072d800000, 0x000000072d800000| Untracked 
| 183|0x000000072d900000, 0x000000072d900000, 0x000000072da00000|  0%| F|  |TAMS 0x000000072d900000, 0x000000072d900000| Untracked 
| 184|0x000000072da00000, 0x000000072da00000, 0x000000072db00000|  0%| F|  |TAMS 0x000000072da00000, 0x000000072da00000| Untracked 
| 185|0x000000072db00000, 0x000000072db00000, 0x000000072dc00000|  0%| F|  |TAMS 0x000000072db00000, 0x000000072db00000| Untracked 
| 186|0x000000072dc00000, 0x000000072dc00000, 0x000000072dd00000|  0%| F|  |TAMS 0x000000072dc00000, 0x000000072dc00000| Untracked 
| 187|0x000000072dd00000, 0x000000072dd00000, 0x000000072de00000|  0%| F|  |TAMS 0x000000072dd00000, 0x000000072dd00000| Untracked 
| 188|0x000000072de00000, 0x000000072de00000, 0x000000072df00000|  0%| F|  |TAMS 0x000000072de00000, 0x000000072de00000| Untracked 
| 189|0x000000072df00000, 0x000000072df00000, 0x000000072e000000|  0%| F|  |TAMS 0x000000072df00000, 0x000000072df00000| Untracked 
| 190|0x000000072e000000, 0x000000072e000000, 0x000000072e100000|  0%| F|  |TAMS 0x000000072e000000, 0x000000072e000000| Untracked 
| 191|0x000000072e100000, 0x000000072e100000, 0x000000072e200000|  0%| F|  |TAMS 0x000000072e100000, 0x000000072e100000| Untracked 
| 192|0x000000072e200000, 0x000000072e200000, 0x000000072e300000|  0%| F|  |TAMS 0x000000072e200000, 0x000000072e200000| Untracked 
| 193|0x000000072e300000, 0x000000072e300000, 0x000000072e400000|  0%| F|  |TAMS 0x000000072e300000, 0x000000072e300000| Untracked 
| 194|0x000000072e400000, 0x000000072e400000, 0x000000072e500000|  0%| F|  |TAMS 0x000000072e400000, 0x000000072e400000| Untracked 
| 195|0x000000072e500000, 0x000000072e500000, 0x000000072e600000|  0%| F|  |TAMS 0x000000072e500000, 0x000000072e500000| Untracked 
| 196|0x000000072e600000, 0x000000072e600000, 0x000000072e700000|  0%| F|  |TAMS 0x000000072e600000, 0x000000072e600000| Untracked 
| 197|0x000000072e700000, 0x000000072e700000, 0x000000072e800000|  0%| F|  |TAMS 0x000000072e700000, 0x000000072e700000| Untracked 
| 198|0x000000072e800000, 0x000000072e800000, 0x000000072e900000|  0%| F|  |TAMS 0x000000072e800000, 0x000000072e800000| Untracked 
| 199|0x000000072e900000, 0x000000072e900000, 0x000000072ea00000|  0%| F|  |TAMS 0x000000072e900000, 0x000000072e900000| Untracked 
| 200|0x000000072ea00000, 0x000000072ea00000, 0x000000072eb00000|  0%| F|  |TAMS 0x000000072ea00000, 0x000000072ea00000| Untracked 
| 201|0x000000072eb00000, 0x000000072eb00000, 0x000000072ec00000|  0%| F|  |TAMS 0x000000072eb00000, 0x000000072eb00000| Untracked 
| 202|0x000000072ec00000, 0x000000072ec00000, 0x000000072ed00000|  0%| F|  |TAMS 0x000000072ec00000, 0x000000072ec00000| Untracked 
| 203|0x000000072ed00000, 0x000000072ed00000, 0x000000072ee00000|  0%| F|  |TAMS 0x000000072ed00000, 0x000000072ed00000| Untracked 
| 204|0x000000072ee00000, 0x000000072ee00000, 0x000000072ef00000|  0%| F|  |TAMS 0x000000072ee00000, 0x000000072ee00000| Untracked 
| 205|0x000000072ef00000, 0x000000072ef00000, 0x000000072f000000|  0%| F|  |TAMS 0x000000072ef00000, 0x000000072ef00000| Untracked 
| 206|0x000000072f000000, 0x000000072f000000, 0x000000072f100000|  0%| F|  |TAMS 0x000000072f000000, 0x000000072f000000| Untracked 
| 207|0x000000072f100000, 0x000000072f100000, 0x000000072f200000|  0%| F|  |TAMS 0x000000072f100000, 0x000000072f100000| Untracked 
| 208|0x000000072f200000, 0x000000072f200000, 0x000000072f300000|  0%| F|  |TAMS 0x000000072f200000, 0x000000072f200000| Untracked 
| 209|0x000000072f300000, 0x000000072f300000, 0x000000072f400000|  0%| F|  |TAMS 0x000000072f300000, 0x000000072f300000| Untracked 
| 210|0x000000072f400000, 0x000000072f400000, 0x000000072f500000|  0%| F|  |TAMS 0x000000072f400000, 0x000000072f400000| Untracked 
| 211|0x000000072f500000, 0x000000072f500000, 0x000000072f600000|  0%| F|  |TAMS 0x000000072f500000, 0x000000072f500000| Untracked 
| 212|0x000000072f600000, 0x000000072f600000, 0x000000072f700000|  0%| F|  |TAMS 0x000000072f600000, 0x000000072f600000| Untracked 
| 213|0x000000072f700000, 0x000000072f700000, 0x000000072f800000|  0%| F|  |TAMS 0x000000072f700000, 0x000000072f700000| Untracked 
| 214|0x000000072f800000, 0x000000072f800000, 0x000000072f900000|  0%| F|  |TAMS 0x000000072f800000, 0x000000072f800000| Untracked 
| 215|0x000000072f900000, 0x000000072f900000, 0x000000072fa00000|  0%| F|  |TAMS 0x000000072f900000, 0x000000072f900000| Untracked 
| 216|0x000000072fa00000, 0x000000072fa00000, 0x000000072fb00000|  0%| F|  |TAMS 0x000000072fa00000, 0x000000072fa00000| Untracked 
| 217|0x000000072fb00000, 0x000000072fb00000, 0x000000072fc00000|  0%| F|  |TAMS 0x000000072fb00000, 0x000000072fb00000| Untracked 
| 218|0x000000072fc00000, 0x000000072fc00000, 0x000000072fd00000|  0%| F|  |TAMS 0x000000072fc00000, 0x000000072fc00000| Untracked 
| 219|0x000000072fd00000, 0x000000072fe00000, 0x000000072fe00000|100%| E|  |TAMS 0x000000072fd00000, 0x000000072fd00000| Complete 
| 220|0x000000072fe00000, 0x000000072ff00000, 0x000000072ff00000|100%| E|CS|TAMS 0x000000072fe00000, 0x000000072fe00000| Complete 
| 221|0x000000072ff00000, 0x0000000730000000, 0x0000000730000000|100%| E|CS|TAMS 0x000000072ff00000, 0x000000072ff00000| Complete 

Card table byte_map: [0x0000019e58750000,0x0000019e58e40000] _byte_map_base: 0x0000019e54e3f000

Marking Bits (Prev, Next): (CMBitMap*) 0x0000019e406a7f90, (CMBitMap*) 0x0000019e406a7f58
 Prev Bits: [0x0000019e5ccb0000, 0x0000019e60428000)
 Next Bits: [0x0000019e59530000, 0x0000019e5cca8000)

Polling page: 0x0000019e3e4b0000

Metaspace:

Usage:
  Non-class:     23.74 MB capacity,    23.39 MB ( 99%) used,   281.52 KB (  1%) free+waste,    79.38 KB ( <1%) overhead. 
      Class:      3.21 MB capacity,     2.95 MB ( 92%) used,   227.67 KB (  7%) free+waste,    37.50 KB (  1%) overhead. 
       Both:     26.96 MB capacity,    26.34 MB ( 98%) used,   509.20 KB (  2%) free+waste,   116.88 KB ( <1%) overhead. 

Virtual space:
  Non-class space:       24.00 MB reserved,      23.92 MB (>99%) committed 
      Class space:        1.00 GB reserved,       3.25 MB ( <1%) committed 
             Both:        1.02 GB reserved,      27.17 MB (  3%) committed 

Chunk freelists:
   Non-Class:  6.75 KB
       Class:  640 bytes
        Both:  7.25 KB

CodeHeap 'non-profiled nmethods': size=120000Kb used=1090Kb max_used=1090Kb free=118909Kb
 bounds [0x0000019e505e0000, 0x0000019e50850000, 0x0000019e57b10000]
CodeHeap 'profiled nmethods': size=120000Kb used=5558Kb max_used=5558Kb free=114441Kb
 bounds [0x0000019e490b0000, 0x0000019e49620000, 0x0000019e505e0000]
CodeHeap 'non-nmethods': size=5760Kb used=1208Kb max_used=1241Kb free=4551Kb
 bounds [0x0000019e48b10000, 0x0000019e48d80000, 0x0000019e490b0000]
 total_blobs=3010 nmethods=2575 adapters=354
 compilation: enabled
              stopped_count=0, restarted_count=0
 full_count=0

Compilation events (10 events):
Event: 5.171 Thread 0x0000019e63acc800 2526       3       org.springframework.util.MultiValueMapAdapter::lambda$add$0 (9 bytes)
Event: 5.171 Thread 0x0000019e63acc800 nmethod 2526 0x0000019e495e0490 code [0x0000019e495e0640, 0x0000019e495e07c8]
Event: 5.172 Thread 0x0000019e63acc800 2527       3       java.util.stream.Collectors$$Lambda$150/0x00000008001ad840::accept (11 bytes)
Event: 5.172 Thread 0x0000019e63acc800 nmethod 2527 0x0000019e495e0890 code [0x0000019e495e0a40, 0x0000019e495e0d28]
Event: 5.174 Thread 0x0000019e63acc800 2528       3       java.util.concurrent.locks.AbstractQueuedSynchronizer::release (33 bytes)
Event: 5.174 Thread 0x0000019e63acc800 nmethod 2528 0x0000019e495e0e10 code [0x0000019e495e0fe0, 0x0000019e495e12d8]
Event: 5.174 Thread 0x0000019e63acc800 2529       3       org.springframework.core.annotation.TypeMappedAnnotation::adaptForAttribute (294 bytes)
Event: 5.175 Thread 0x0000019e63acc800 nmethod 2529 0x0000019e495e1410 code [0x0000019e495e1980, 0x0000019e495e44e8]
Event: 5.175 Thread 0x0000019e63acc800 2530       3       org.springframework.core.annotation.TypeMappedAnnotation::getAdaptType (48 bytes)
Event: 5.176 Thread 0x0000019e63acc800 nmethod 2530 0x0000019e495e5210 code [0x0000019e495e5440, 0x0000019e495e5a08]

GC Heap History (4 events):
Event: 3.099 GC heap before
{Heap before GC invocations=0 (full 0):
 garbage-first heap   total 227328K, used 23552K [0x0000000722200000, 0x0000000800000000)
  region size 1024K, 24 young (24576K), 0 survivors (0K)
 Metaspace       used 10944K, capacity 11206K, committed 11392K, reserved 1058816K
  class space    used 1033K, capacity 1098K, committed 1152K, reserved 1048576K
}
Event: 3.115 GC heap after
{Heap after GC invocations=1 (full 0):
 garbage-first heap   total 227328K, used 4578K [0x0000000722200000, 0x0000000800000000)
  region size 1024K, 3 young (3072K), 3 survivors (3072K)
 Metaspace       used 10944K, capacity 11206K, committed 11392K, reserved 1058816K
  class space    used 1033K, capacity 1098K, committed 1152K, reserved 1048576K
}
Event: 4.275 GC heap before
{Heap before GC invocations=1 (full 0):
 garbage-first heap   total 227328K, used 55778K [0x0000000722200000, 0x0000000800000000)
  region size 1024K, 54 young (55296K), 3 survivors (3072K)
 Metaspace       used 20555K, capacity 21115K, committed 21296K, reserved 1069056K
  class space    used 2228K, capacity 2414K, committed 2432K, reserved 1048576K
}
Event: 4.282 GC heap after
{Heap after GC invocations=2 (full 0):
 garbage-first heap   total 227328K, used 6605K [0x0000000722200000, 0x0000000800000000)
  region size 1024K, 5 young (5120K), 5 survivors (5120K)
 Metaspace       used 20555K, capacity 21115K, committed 21296K, reserved 1069056K
  class space    used 2228K, capacity 2414K, committed 2432K, reserved 1048576K
}

Deoptimization events (10 events):
Event: 3.889 Thread 0x0000019e649cc800 Uncommon trap: reason=unstable_if action=reinterpret pc=0x0000019e5064f630 method=java.util.concurrent.ConcurrentHashMap.putVal(Ljava/lang/Object;Ljava/lang/Object;Z)Ljava/lang/Object; @ 148 c2
Event: 4.228 Thread 0x0000019e64b95800 Uncommon trap: reason=unstable_if action=reinterpret pc=0x0000019e506596a4 method=java.util.concurrent.ConcurrentHashMap.addCount(JI)V @ 168 c2
Event: 4.313 Thread 0x0000019e649cc800 Uncommon trap: reason=unstable_if action=reinterpret pc=0x0000019e50651ef0 method=java.util.HashMap.getNode(ILjava/lang/Object;)Ljava/util/HashMap$Node; @ 129 c2
Event: 4.449 Thread 0x0000019e649cc800 Uncommon trap: reason=unstable_if action=reinterpret pc=0x0000019e5062f75c method=java.util.concurrent.ConcurrentHashMap.get(Ljava/lang/Object;)Ljava/lang/Object; @ 76 c2
Event: 4.509 Thread 0x0000019e64b95800 Uncommon trap: reason=unstable_if action=reinterpret pc=0x0000019e50657d7c method=jdk.internal.org.objectweb.asm.Type.getArgumentsAndReturnSizes(Ljava/lang/String;)I @ 47 c2
Event: 4.509 Thread 0x0000019e64b95800 Uncommon trap: reason=unstable_if action=reinterpret pc=0x0000019e50689a74 method=jdk.internal.org.objectweb.asm.Frame.push(Ljdk/internal/org/objectweb/asm/ClassWriter;Ljava/lang/String;)V @ 18 c2
Event: 4.525 Thread 0x0000019e649cc800 Uncommon trap: reason=unstable_if action=reinterpret pc=0x0000019e50607f80 method=java.util.zip.ZipFile$Source.getEntryPos([BZ)I @ 156 c2
Event: 4.738 Thread 0x0000019e649cc800 Uncommon trap: reason=class_check action=maybe_recompile pc=0x0000019e506ad318 method=java.util.HashMap.putVal(ILjava/lang/Object;Ljava/lang/Object;ZZ)Ljava/lang/Object; @ 203 c2
Event: 4.739 Thread 0x0000019e649cc800 Uncommon trap: reason=class_check action=maybe_recompile pc=0x0000019e506ad318 method=java.util.HashMap.putVal(ILjava/lang/Object;Ljava/lang/Object;ZZ)Ljava/lang/Object; @ 203 c2
Event: 4.972 Thread 0x0000019e649cc800 Uncommon trap: reason=intrinsic_or_type_checked_inlining action=make_not_entrant pc=0x0000019e506e2644 method=java.util.Arrays.copyOf([Ljava/lang/Object;ILjava/lang/Class;)[Ljava/lang/Object; @ 35 c2

Classes redefined (0 events):
No events

Internal exceptions (10 events):
Event: 4.466 Thread 0x0000019e649cc800 Exception <a 'java/lang/ClassNotFoundException'{0x000000072eb805b0}: org/springframework/beans/factory/AwareCustomizer> (0x000000072eb805b0) thrown at [./open/src/hotspot/share/classfile/systemDictionary.cpp, line 228]
Event: 4.509 Thread 0x0000019e64b95800 Exception <a 'java/lang/NoSuchMethodError'{0x000000072e93f800}: java.lang.invoke.DirectMethodHandle$Holder.invokeSpecial(Ljava/lang/Object;Ljava/lang/Object;)J> (0x000000072e93f800) thrown at [./open/src/hotspot/share/interpreter/linkResolver.cpp, line 77
Event: 4.511 Thread 0x0000019e64b95800 Exception <a 'java/lang/NoSuchMethodError'{0x000000072e988b18}: java.lang.invoke.DirectMethodHandle$Holder.invokeStatic(Ljava/lang/Object;Ljava/lang/Object;)J> (0x000000072e988b18) thrown at [./open/src/hotspot/share/interpreter/linkResolver.cpp, line 772
Event: 4.511 Thread 0x0000019e64b95800 Exception <a 'java/lang/NoSuchMethodError'{0x000000072e98b940}: java.lang.invoke.DirectMethodHandle$Holder.invokeStaticInit(Ljava/lang/Object;Ljava/lang/Object;)J> (0x000000072e98b940) thrown at [./open/src/hotspot/share/interpreter/linkResolver.cpp, line
Event: 4.514 Thread 0x0000019e64b95800 Exception <a 'java/lang/NoSuchMethodError'{0x000000072e997e00}: java.lang.invoke.DirectMethodHandle$Holder.invokeInterface(Ljava/lang/Object;Ljava/lang/Object;)J> (0x000000072e997e00) thrown at [./open/src/hotspot/share/interpreter/linkResolver.cpp, line 
Event: 4.514 Thread 0x0000019e64b95800 Exception <a 'java/lang/IncompatibleClassChangeError'{0x000000072e99ab98}: Found class java.lang.Object, but interface was expected> (0x000000072e99ab98) thrown at [./open/src/hotspot/share/interpreter/linkResolver.cpp, line 838]
Event: 4.524 Thread 0x0000019e649cc800 Exception <a 'java/lang/NoSuchMethodError'{0x000000072e816458}: java.lang.invoke.DirectMethodHandle$Holder.invokeVirtual(Ljava/lang/Object;Ljava/lang/Object;Ljava/lang/Object;)Ljava/lang/Object;> (0x000000072e816458) thrown at [./open/src/hotspot/share/in
Event: 4.530 Thread 0x0000019e64b95800 Exception <a 'java/lang/NoSuchMethodError'{0x000000072e8b9e38}: java.lang.invoke.DirectMethodHandle$Holder.invokeVirtual(Ljava/lang/Object;Ljava/lang/Object;Ljava/lang/Object;Ljava/lang/Object;)Ljava/lang/Object;> (0x000000072e8b9e38) thrown at [./open/sr
Event: 4.706 Thread 0x0000019e649cc800 Exception <a 'java/lang/IncompatibleClassChangeError'{0x000000072dd40e60}: Found class java.lang.Object, but interface was expected> (0x000000072dd40e60) thrown at [./open/src/hotspot/share/interpreter/linkResolver.cpp, line 838]
Event: 4.750 Thread 0x0000019e649cc800 Exception <a 'java/lang/NoSuchMethodError'{0x000000072db81540}: java.lang.invoke.DirectMethodHandle$Holder.invokeInterface(Ljava/lang/Object;Ljava/lang/Object;Ljava/lang/Object;Ljava/lang/Object;)V> (0x000000072db81540) thrown at [./open/src/hotspot/share

Events (10 events):
Event: 5.174 loading class org/springframework/transaction/annotation/TransactionManagementConfigurationSelector$1
Event: 5.174 loading class org/springframework/transaction/annotation/TransactionManagementConfigurationSelector$1 done
Event: 5.174 loading class org/springframework/context/annotation/AutoProxyRegistrar
Event: 5.174 loading class org/springframework/context/annotation/AutoProxyRegistrar done
Event: 5.175 loading class org/springframework/transaction/annotation/ProxyTransactionManagementConfiguration
Event: 5.175 loading class org/springframework/transaction/annotation/ProxyTransactionManagementConfiguration done
Event: 5.175 loading class org/springframework/transaction/annotation/AbstractTransactionManagementConfiguration
Event: 5.175 loading class org/springframework/transaction/annotation/AbstractTransactionManagementConfiguration done
Event: 5.176 loading class org/springframework/context/annotation/ImportAware
Event: 5.176 loading class org/springframework/context/annotation/ImportAware done


Dynamic libraries:
0x00007ff730200000 - 0x00007ff73020f000 	C:\Program Files\Java\jdk-11.0.12\bin\java.exe
0x00007ffc5d0f0000 - 0x00007ffc5d2e8000 	C:\Windows\SYSTEM32\ntdll.dll
0x00007ffc5bc30000 - 0x00007ffc5bced000 	C:\Windows\System32\KERNEL32.DLL
0x00007ffc5abd0000 - 0x00007ffc5ae9e000 	C:\Windows\System32\KERNELBASE.dll
0x00007ffc5a8f0000 - 0x00007ffc5a9f0000 	C:\Windows\System32\ucrtbase.dll
0x00007ffc34cc0000 - 0x00007ffc34cd8000 	C:\Program Files\Java\jdk-11.0.12\bin\jli.dll
0x00007ffc35a30000 - 0x00007ffc35a45000 	C:\Program Files\Java\jdk-11.0.12\bin\VCRUNTIME140.dll
0x00007ffc5b820000 - 0x00007ffc5b8ce000 	C:\Windows\System32\ADVAPI32.dll
0x00007ffc5bd00000 - 0x00007ffc5bd9e000 	C:\Windows\System32\msvcrt.dll
0x00007ffc5c6b0000 - 0x00007ffc5c74c000 	C:\Windows\System32\sechost.dll
0x00007ffc5cb10000 - 0x00007ffc5cc35000 	C:\Windows\System32\RPCRT4.dll
0x00007ffc5b480000 - 0x00007ffc5b620000 	C:\Windows\System32\USER32.dll
0x00007ffc5a8c0000 - 0x00007ffc5a8e2000 	C:\Windows\System32\win32u.dll
0x00007ffc5b6d0000 - 0x00007ffc5b6fa000 	C:\Windows\System32\GDI32.dll
0x00007ffc5af10000 - 0x00007ffc5b01b000 	C:\Windows\System32\gdi32full.dll
0x00007ffc5b020000 - 0x00007ffc5b0bd000 	C:\Windows\System32\msvcp_win.dll
0x00007ffc4b5e0000 - 0x00007ffc4b87a000 	C:\Windows\WinSxS\amd64_microsoft.windows.common-controls_6595b64144ccf1df_6.0.19041.1110_none_60b5254171f9507e\COMCTL32.dll
0x00007ffc51770000 - 0x00007ffc5177a000 	C:\Windows\SYSTEM32\VERSION.dll
0x00007ffc5b450000 - 0x00007ffc5b480000 	C:\Windows\System32\IMM32.DLL
0x00007ffc245f0000 - 0x00007ffc2468b000 	C:\Program Files\Java\jdk-11.0.12\bin\msvcp140.dll
0x00007ffbf9400000 - 0x00007ffbf9eff000 	C:\Program Files\Java\jdk-11.0.12\bin\server\jvm.dll
0x00007ffc5cb00000 - 0x00007ffc5cb08000 	C:\Windows\System32\PSAPI.DLL
0x00007ffc54ae0000 - 0x00007ffc54ae9000 	C:\Windows\SYSTEM32\WSOCK32.dll
0x00007ffc58d40000 - 0x00007ffc58d67000 	C:\Windows\SYSTEM32\WINMM.dll
0x00007ffc5c750000 - 0x00007ffc5c7bb000 	C:\Windows\System32\WS2_32.dll
0x00007ffc59090000 - 0x00007ffc590a2000 	C:\Windows\SYSTEM32\kernel.appcore.dll
0x00007ffc3b240000 - 0x00007ffc3b250000 	C:\Program Files\Java\jdk-11.0.12\bin\verify.dll
0x00007ffc58b00000 - 0x00007ffc58ce4000 	C:\Windows\SYSTEM32\DBGHELP.DLL
0x00007ffc58cf0000 - 0x00007ffc58d1c000 	C:\Windows\SYSTEM32\dbgcore.DLL
0x00007ffc5b0c0000 - 0x00007ffc5b142000 	C:\Windows\System32\bcryptPrimitives.dll
0x00007ffc2f040000 - 0x00007ffc2f068000 	C:\Program Files\Java\jdk-11.0.12\bin\java.dll
0x00007ffc3b1f0000 - 0x00007ffc3b1fa000 	C:\Program Files\Java\jdk-11.0.12\bin\jimage.dll
0x00007ffc3a2a0000 - 0x00007ffc3a2d8000 	C:\Program Files\Java\jdk-11.0.12\bin\jdwp.dll
0x00007ffc53b60000 - 0x00007ffc53b6e000 	C:\Program Files\Java\jdk-11.0.12\bin\instrument.dll
0x00007ffc2e9d0000 - 0x00007ffc2e9e6000 	C:\Program Files\Java\jdk-11.0.12\bin\zip.dll
0x00007ffc5bee0000 - 0x00007ffc5c623000 	C:\Windows\System32\SHELL32.dll
0x00007ffc58350000 - 0x00007ffc58ae5000 	C:\Windows\SYSTEM32\windows.storage.dll
0x00007ffc5b8d0000 - 0x00007ffc5bc24000 	C:\Windows\System32\combase.dll
0x00007ffc5a1a0000 - 0x00007ffc5a1d0000 	C:\Windows\SYSTEM32\Wldp.dll
0x00007ffc5ca50000 - 0x00007ffc5cafd000 	C:\Windows\System32\SHCORE.dll
0x00007ffc5c7c0000 - 0x00007ffc5c815000 	C:\Windows\System32\shlwapi.dll
0x00007ffc5a750000 - 0x00007ffc5a76f000 	C:\Windows\SYSTEM32\profapi.dll
0x00007ffc53b50000 - 0x00007ffc53b5a000 	C:\Program Files\Java\jdk-11.0.12\bin\dt_socket.dll
0x00007ffc59f00000 - 0x00007ffc59f6a000 	C:\Windows\system32\mswsock.dll
0x00007ffc2e900000 - 0x00007ffc2e919000 	C:\Program Files\Java\jdk-11.0.12\bin\net.dll
0x00007ffc4b360000 - 0x00007ffc4b46a000 	C:\Windows\SYSTEM32\WINHTTP.dll
0x00007ffc2e8e0000 - 0x00007ffc2e8f2000 	C:\Program Files\Java\jdk-11.0.12\bin\nio.dll
0x00007ffc53be0000 - 0x00007ffc53be9000 	C:\Program Files\Java\jdk-11.0.12\bin\management.dll
0x00007ffc53bd0000 - 0x00007ffc53bdb000 	C:\Program Files\Java\jdk-11.0.12\bin\management_ext.dll
0x00007ffc3bb00000 - 0x00007ffc3bb17000 	C:\Windows\system32\napinsp.dll
0x00007ffc3b220000 - 0x00007ffc3b23b000 	C:\Windows\system32\pnrpnsp.dll
0x00007ffc46420000 - 0x00007ffc46435000 	C:\Windows\system32\wshbth.dll
0x00007ffc55bb0000 - 0x00007ffc55bcd000 	C:\Windows\system32\NLAapi.dll
0x00007ffc59bf0000 - 0x00007ffc59c2b000 	C:\Windows\SYSTEM32\IPHLPAPI.DLL
0x00007ffc59c30000 - 0x00007ffc59cfa000 	C:\Windows\SYSTEM32\DNSAPI.dll
0x00007ffc5ca40000 - 0x00007ffc5ca48000 	C:\Windows\System32\NSI.dll
0x00007ffc3a780000 - 0x00007ffc3a792000 	C:\Windows\System32\winrnr.dll
0x00007ffc4a3d0000 - 0x00007ffc4a3da000 	C:\Windows\System32\rasadhlp.dll
0x00007ffc4a500000 - 0x00007ffc4a580000 	C:\Windows\System32\fwpuclnt.dll
0x00007ffc5aa40000 - 0x00007ffc5aa67000 	C:\Windows\System32\bcrypt.dll

dbghelp: loaded successfully - version: 4.0.5 - missing functions: none
symbol engine: initialized successfully - sym options: 0x614 - pdb path: .;C:\Program Files\Java\jdk-11.0.12\bin;C:\Windows\SYSTEM32;C:\Windows\WinSxS\amd64_microsoft.windows.common-controls_6595b64144ccf1df_6.0.19041.1110_none_60b5254171f9507e;C:\Program Files\Java\jdk-11.0.12\bin\server

VM Arguments:
jvm_args: -agentlib:jdwp=transport=dt_socket,address=127.0.0.1:54663,suspend=y,server=n -javaagent:C:\Users\gusdk\AppData\Local\JetBrains\IdeaIC2022.2\captureAgent\debugger-agent.jar -Dfile.encoding=UTF-8 
java_command: com.stussy.stussyclone20220929HDH.StussyClone20220929HdhApplication
java_class_path (initial): C:\HDH\Back\springboot\stussy-clone-20220929-HDH\target\classes;C:\Users\gusdk\.m2\repository\org\springframework\boot\spring-boot-starter-thymeleaf\2.6.6\spring-boot-starter-thymeleaf-2.6.6.jar;C:\Users\gusdk\.m2\repository\org\springframework\boot\spring-boot-starter\2.6.6\spring-boot-starter-2.6.6.jar;C:\Users\gusdk\.m2\repository\org\springframework\boot\spring-boot-starter-logging\2.6.6\spring-boot-starter-logging-2.6.6.jar;C:\Users\gusdk\.m2\repository\ch\qos\logback\logback-classic\1.2.11\logback-classic-1.2.11.jar;C:\Users\gusdk\.m2\repository\ch\qos\logback\logback-core\1.2.11\logback-core-1.2.11.jar;C:\Users\gusdk\.m2\repository\org\apache\logging\log4j\log4j-to-slf4j\2.17.2\log4j-to-slf4j-2.17.2.jar;C:\Users\gusdk\.m2\repository\org\apache\logging\log4j\log4j-api\2.17.2\log4j-api-2.17.2.jar;C:\Users\gusdk\.m2\repository\org\slf4j\jul-to-slf4j\1.7.36\jul-to-slf4j-1.7.36.jar;C:\Users\gusdk\.m2\repository\jakarta\annotation\jakarta.annotation-api\1.3.5\jakarta.annotation-api-1.3.5.jar;C:\Users\gusdk\.m2\repository\org\yaml\snakeyaml\1.29\snakeyaml-1.29.jar;C:\Users\gusdk\.m2\repository\org\thymeleaf\thymeleaf-spring5\3.0.15.RELEASE\thymeleaf-spring5-3.0.15.RELEASE.jar;C:\Users\gusdk\.m2\repository\org\thymeleaf\thymeleaf\3.0.15.RELEASE\thymeleaf-3.0.15.RELEASE.jar;C:\Users\gusdk\.m2\repository\org\attoparser\attoparser\2.0.5.RELEASE\attoparser-2.0.5.RELEASE.jar;C:\Users\gusdk\.m2\repository\org\unbescape\unbescape\1.1.6.RELEASE\unbescape-1.1.6.RELEASE.jar;C:\Users\gusdk\.m2\repository\org\slf4j\slf4j-api\1.7.36\slf4j-api-1.7.36.jar;C:\Users\gusdk\.m2\repository\org\thymeleaf\extras\thymeleaf-extras-java8time\3.0.4.RELEASE\thymeleaf-extras-java8time-3.0.4.RELEASE.jar;C:\Users\gusdk\.m2\repository\org\springframework\boot\spring-boot-starter-web\2.6.6\spring-boot-starter-web-2.6.6.jar;C:\Users\gusdk\.m2\repository\org\springframework\boot\spring-boot-starter-json\2.6.6\spring-boot-starter-json-2.6.6.jar;C:\Users\gusdk\.m2\repositor
Launcher Type: SUN_STANDARD

[Global flags]
     intx CICompilerCount                          = 4                                         {product} {ergonomic}
     uint ConcGCThreads                            = 3                                         {product} {ergonomic}
     uint G1ConcRefinementThreads                  = 10                                        {product} {ergonomic}
   size_t G1HeapRegionSize                         = 1048576                                   {product} {ergonomic}
    uintx GCDrainStackTargetSize                   = 64                                        {product} {ergonomic}
   size_t InitialHeapSize                          = 232783872                                 {product} {ergonomic}
   size_t MarkStackSize                            = 4194304                                   {product} {ergonomic}
   size_t MaxHeapSize                              = 3722444800                                {product} {ergonomic}
   size_t MaxNewSize                               = 2233466880                                {product} {ergonomic}
   size_t MinHeapDeltaBytes                        = 1048576                                   {product} {ergonomic}
    uintx NonNMethodCodeHeapSize                   = 5836300                                {pd product} {ergonomic}
    uintx NonProfiledCodeHeapSize                  = 122910970                              {pd product} {ergonomic}
    uintx ProfiledCodeHeapSize                     = 122910970                              {pd product} {ergonomic}
    uintx ReservedCodeCacheSize                    = 251658240                              {pd product} {ergonomic}
     bool SegmentedCodeCache                       = true                                      {product} {ergonomic}
     bool UseCompressedClassPointers               = true                                 {lp64_product} {ergonomic}
     bool UseCompressedOops                        = true                                 {lp64_product} {ergonomic}
     bool UseG1GC                                  = true                                      {product} {ergonomic}
     bool UseLargePagesIndividualAllocation        = false                                  {pd product} {ergonomic}

Logging:
Log output configuration:
 #0: stdout all=warning uptime,level,tags
 #1: stderr all=off uptime,level,tags

Environment Variables:
JAVA_HOME=C:\Program Files\Java\jdk1.8.0_131
CLASSPATH=C:\Program Files\Java\jdk1.8.0_131\lib
PATH=C:\Python310\Scripts\;C:\Python310\;C:\Program Files\Common Files\Oracle\Java\javapath;C:\Windows\system32;C:\Windows;C:\Windows\System32\Wbem;C:\Windows\System32\WindowsPowerShell\v1.0\;C:\Windows\System32\OpenSSH\;C:\Program Files\Java\jdk1.8.0_131\bin;%C:\Program Files\nodejs;C:\ProgramData\chocolatey\bin;C:\Program Files\nodejs;C:\Program Files\MongoDB\Server\5.0\bin;C:\Program Files\Git\cmd;C:\Users\gusdk\AppData\Local\Microsoft\WindowsApps;;C:\Users\gusdk\AppData\Local\Programs\Microsoft VS Code\bin;C:\Users\gusdk\AppData\Roaming\npm;C:\Program Files\heroku\bin;C:\Program Files\JetBrains\IntelliJ IDEA Community Edition 2022.2.2\bin;
USERNAME=gusdk
OS=Windows_NT
PROCESSOR_IDENTIFIER=AMD64 Family 23 Model 104 Stepping 1, AuthenticAMD



---------------  S Y S T E M  ---------------

OS: Windows 10 , 64 bit Build 19041 (10.0.19041.1889)

CPU:total 12 (initial active 12) (12 cores per cpu, 2 threads per core) family 23 model 104 stepping 1 microcode 0x0, cmov, cx8, fxsr, mmx, sse, sse2, sse3, ssse3, sse4.1, sse4.2, popcnt, avx, avx2, aes, clmul, mmxext, 3dnowpref, lzcnt, sse4a, ht, tsc, tscinvbit, tscinv, bmi1, bmi2, adx,

Memory: 4k page, system-wide physical 14197M (280M free)
TotalPageFile size 44651M (AvailPageFile size 3M)
current process WorkingSet (physical memory assigned to process): 164M, peak: 164M
current process commit charge ("private bytes"): 361M, peak: 361M

vm_info: Java HotSpot(TM) 64-Bit Server VM (11.0.12+8-LTS-237) for windows-amd64 JRE (11.0.12+8-LTS-237), built on Jun  8 2021 11:25:59 by "mach5one" with MS VC++ 15.9 (VS2017)

END.
